# JRE version: OpenJDK Runtime Environment Temurin-21.0.11+10 (21.0.11+10) (build 21.0.11+10-LTS)
# Java VM: OpenJDK 64-Bit Server VM Temurin-21.0.11+10 (21.0.11+10-LTS, mixed mode, sharing, tiered, compressed oops, compressed class ptrs, parallel gc, windows-amd64)
GC Precious Log:
 CardTable entry size: 512
 CPUs: 12 total, 12 available
 Memory: 8029M
 Large Page Support: Disabled
 NUMA Support: Disabled
 Compressed Oops: Enabled (32-bit)
 Alignments: Space 512K, Generation 512K, Heap 2M
 Heap Min Capacity: 100M
 Heap Initial Capacity: 100M
 Heap Max Capacity: 2G
 Pre-touch: Disabled
 Parallel Workers: 10
Heap:
 PSYoungGen      total 14336K, used 10788K [0x00000000d5580000, 0x00000000d6480000, 0x0000000100000000)
  eden space 13824K, 76% used [0x00000000d5580000,0x00000000d5fe1398,0x00000000d6300000)
  from space 512K, 31% used [0x00000000d6380000,0x00000000d63a8000,0x00000000d6400000)
  to   space 512K, 0% used [0x00000000d6400000,0x00000000d6400000,0x00000000d6480000)
 ParOldGen       total 68608K, used 47973K [0x0000000080000000, 0x0000000084300000, 0x00000000d5580000)
  object space 68608K, 69% used [0x0000000080000000,0x0000000082ed9440,0x0000000084300000)
 Metaspace       used 66671K, committed 68224K, reserved 1114112K
  class space    used 8431K, committed 9088K, reserved 1048576K
GC Heap History (20 events):
Event: 114.737 GC heap before
{Heap before GC invocations=117 (full 3):
 PSYoungGen      total 14336K, used 13984K [0x00000000d5580000, 0x00000000d6480000, 0x0000000100000000)
  eden space 13824K, 100% used [0x00000000d5580000,0x00000000d6300000,0x00000000d6300000)
  from space 512K, 31% used [0x00000000d6380000,0x00000000d63a8000,0x00000000d6400000)
  to   space 512K, 0% used [0x00000000d6400000,0x00000000d6400000,0x00000000d6480000)
 ParOldGen       total 68608K, used 47789K [0x0000000080000000, 0x0000000084300000, 0x00000000d5580000)
  object space 68608K, 69% used [0x0000000080000000,0x0000000082eab440,0x0000000084300000)
 Metaspace       used 66420K, committed 67904K, reserved 1114112K
  class space    used 8403K, committed 9024K, reserved 1048576K
}
Event: 114.738 GC heap after
{Heap after GC invocations=117 (full 3):
 PSYoungGen      total 14336K, used 96K [0x00000000d5580000, 0x00000000d6480000, 0x0000000100000000)
  eden space 13824K, 0% used [0x00000000d5580000,0x00000000d5580000,0x00000000d6300000)
  from space 512K, 18% used [0x00000000d6400000,0x00000000d6418000,0x00000000d6480000)
  to   space 512K, 0% used [0x00000000d6380000,0x00000000d6380000,0x00000000d6400000)
 ParOldGen       total 68608K, used 47813K [0x0000000080000000, 0x0000000084300000, 0x00000000d5580000)
  object space 68608K, 69% used [0x0000000080000000,0x0000000082eb1440,0x0000000084300000)
 Metaspace       used 66420K, committed 67904K, reserved 1114112K
  class space    used 8403K, committed 9024K, reserved 1048576K
}
Event: 114.938 GC heap before
{Heap before GC invocations=118 (full 3):
 PSYoungGen      total 14336K, used 13920K [0x00000000d5580000, 0x00000000d6480000, 0x0000000100000000)
  eden space 13824K, 100% used [0x00000000d5580000,0x00000000d6300000,0x00000000d6300000)
  from space 512K, 18% used [0x00000000d6400000,0x00000000d6418000,0x00000000d6480000)
  to   space 512K, 0% used [0x00000000d6380000,0x00000000d6380000,0x00000000d6400000)
 ParOldGen       total 68608K, used 47813K [0x0000000080000000, 0x0000000084300000, 0x00000000d5580000)
  object space 68608K, 69% used [0x0000000080000000,0x0000000082eb1440,0x0000000084300000)
 Metaspace       used 66420K, committed 67904K, reserved 1114112K
  class space    used 8403K, committed 9024K, reserved 1048576K
}
Event: 114.939 GC heap after
{Heap after GC invocations=118 (full 3):
 PSYoungGen      total 14336K, used 160K [0x00000000d5580000, 0x00000000d6480000, 0x0000000100000000)
  eden space 13824K, 0% used [0x00000000d5580000,0x00000000d5580000,0x00000000d6300000)
  from space 512K, 31% used [0x00000000d6380000,0x00000000d63a8000,0x00000000d6400000)
  to   space 512K, 0% used [0x00000000d6400000,0x00000000d6400000,0x00000000d6480000)
 ParOldGen       total 68608K, used 47813K [0x0000000080000000, 0x0000000084300000, 0x00000000d5580000)
  object space 68608K, 69% used [0x0000000080000000,0x0000000082eb1440,0x0000000084300000)
 Metaspace       used 66420K, committed 67904K, reserved 1114112K
  class space    used 8403K, committed 9024K, reserved 1048576K
}
Event: 115.065 GC heap before
{Heap before GC invocations=119 (full 3):
 PSYoungGen      total 14336K, used 13984K [0x00000000d5580000, 0x00000000d6480000, 0x0000000100000000)
  eden space 13824K, 100% used [0x00000000d5580000,0x00000000d6300000,0x00000000d6300000)
  from space 512K, 31% used [0x00000000d6380000,0x00000000d63a8000,0x00000000d6400000)
  to   space 512K, 0% used [0x00000000d6400000,0x00000000d6400000,0x00000000d6480000)
 ParOldGen       total 68608K, used 47813K [0x0000000080000000, 0x0000000084300000, 0x00000000d5580000)
  object space 68608K, 69% used [0x0000000080000000,0x0000000082eb1440,0x0000000084300000)
 Metaspace       used 66420K, committed 67904K, reserved 1114112K
  class space    used 8403K, committed 9024K, reserved 1048576K
}
Event: 115.066 GC heap after
{Heap after GC invocations=119 (full 3):
 PSYoungGen      total 14336K, used 96K [0x00000000d5580000, 0x00000000d6480000, 0x0000000100000000)
  eden space 13824K, 0% used [0x00000000d5580000,0x00000000d5580000,0x00000000d6300000)
  from space 512K, 18% used [0x00000000d6400000,0x00000000d6418000,0x00000000d6480000)
  to   space 512K, 0% used [0x00000000d6380000,0x00000000d6380000,0x00000000d6400000)
 ParOldGen       total 68608K, used 47853K [0x0000000080000000, 0x0000000084300000, 0x00000000d5580000)
  object space 68608K, 69% used [0x0000000080000000,0x0000000082ebb440,0x0000000084300000)
 Metaspace       used 66420K, committed 67904K, reserved 1114112K
  class space    used 8403K, committed 9024K, reserved 1048576K
}
Event: 115.333 GC heap before
{Heap before GC invocations=120 (full 3):
 PSYoungGen      total 14336K, used 13920K [0x00000000d5580000, 0x00000000d6480000, 0x0000000100000000)
  eden space 13824K, 100% used [0x00000000d5580000,0x00000000d6300000,0x00000000d6300000)
  from space 512K, 18% used [0x00000000d6400000,0x00000000d6418000,0x00000000d6480000)
  to   space 512K, 0% used [0x00000000d6380000,0x00000000d6380000,0x00000000d6400000)
 ParOldGen       total 68608K, used 47853K [0x0000000080000000, 0x0000000084300000, 0x00000000d5580000)
  object space 68608K, 69% used [0x0000000080000000,0x0000000082ebb440,0x0000000084300000)
 Metaspace       used 66420K, committed 67904K, reserved 1114112K
  class space    used 8403K, committed 9024K, reserved 1048576K
}
Event: 115.333 GC heap after
{Heap after GC invocations=120 (full 3):
 PSYoungGen      total 14336K, used 192K [0x00000000d5580000, 0x00000000d6480000, 0x0000000100000000)
  eden space 13824K, 0% used [0x00000000d5580000,0x00000000d5580000,0x00000000d6300000)
  from space 512K, 37% used [0x00000000d6380000,0x00000000d63b0000,0x00000000d6400000)
  to   space 512K, 0% used [0x00000000d6400000,0x00000000d6400000,0x00000000d6480000)
 ParOldGen       total 68608K, used 47853K [0x0000000080000000, 0x0000000084300000, 0x00000000d5580000)
  object space 68608K, 69% used [0x0000000080000000,0x0000000082ebb440,0x0000000084300000)
 Metaspace       used 66420K, committed 67904K, reserved 1114112K
  class space    used 8403K, committed 9024K, reserved 1048576K
}
Event: 115.905 GC heap before
{Heap before GC invocations=121 (full 3):
 PSYoungGen      total 14336K, used 14016K [0x00000000d5580000, 0x00000000d6480000, 0x0000000100000000)
  eden space 13824K, 100% used [0x00000000d5580000,0x00000000d6300000,0x00000000d6300000)
  from space 512K, 37% used [0x00000000d6380000,0x00000000d63b0000,0x00000000d6400000)
  to   space 512K, 0% used [0x00000000d6400000,0x00000000d6400000,0x00000000d6480000)
 ParOldGen       total 68608K, used 47853K [0x0000000080000000, 0x0000000084300000, 0x00000000d5580000)
  object space 68608K, 69% used [0x0000000080000000,0x0000000082ebb440,0x0000000084300000)
 Metaspace       used 66420K, committed 67904K, reserved 1114112K
  class space    used 8403K, committed 9024K, reserved 1048576K
}
Event: 115.906 GC heap after
{Heap after GC invocations=121 (full 3):
 PSYoungGen      total 14336K, used 256K [0x00000000d5580000, 0x00000000d6480000, 0x0000000100000000)
  eden space 13824K, 0% used [0x00000000d5580000,0x00000000d5580000,0x00000000d6300000)
  from space 512K, 50% used [0x00000000d6400000,0x00000000d6440000,0x00000000d6480000)
  to   space 512K, 0% used [0x00000000d6380000,0x00000000d6380000,0x00000000d6400000)
 ParOldGen       total 68608K, used 47909K [0x0000000080000000, 0x0000000084300000, 0x00000000d5580000)
  object space 68608K, 69% used [0x0000000080000000,0x0000000082ec9440,0x0000000084300000)
 Metaspace       used 66420K, committed 67904K, reserved 1114112K
  class space    used 8403K, committed 9024K, reserved 1048576K
}
Event: 115.994 GC heap before
{Heap before GC invocations=122 (full 3):
 PSYoungGen      total 14336K, used 14080K [0x00000000d5580000, 0x00000000d6480000, 0x0000000100000000)
  eden space 13824K, 100% used [0x00000000d5580000,0x00000000d6300000,0x00000000d6300000)
  from space 512K, 50% used [0x00000000d6400000,0x00000000d6440000,0x00000000d6480000)
  to   space 512K, 0% used [0x00000000d6380000,0x00000000d6380000,0x00000000d6400000)
 ParOldGen       total 68608K, used 47909K [0x0000000080000000, 0x0000000084300000, 0x00000000d5580000)
  object space 68608K, 69% used [0x0000000080000000,0x0000000082ec9440,0x0000000084300000)
 Metaspace       used 66420K, committed 67904K, reserved 1114112K
  class space    used 8403K, committed 9024K, reserved 1048576K
}
Event: 115.994 GC heap after
{Heap after GC invocations=122 (full 3):
 PSYoungGen      total 14336K, used 128K [0x00000000d5580000, 0x00000000d6480000, 0x0000000100000000)
  eden space 13824K, 0% used [0x00000000d5580000,0x00000000d5580000,0x00000000d6300000)
  from space 512K, 25% used [0x00000000d6380000,0x00000000d63a0000,0x00000000d6400000)
  to   space 512K, 0% used [0x00000000d6400000,0x00000000d6400000,0x00000000d6480000)
 ParOldGen       total 68608K, used 47957K [0x0000000080000000, 0x0000000084300000, 0x00000000d5580000)
  object space 68608K, 69% used [0x0000000080000000,0x0000000082ed5440,0x0000000084300000)
 Metaspace       used 66420K, committed 67904K, reserved 1114112K
  class space    used 8403K, committed 9024K, reserved 1048576K
}
Event: 116.057 GC heap before
{Heap before GC invocations=123 (full 3):
 PSYoungGen      total 14336K, used 13952K [0x00000000d5580000, 0x00000000d6480000, 0x0000000100000000)
  eden space 13824K, 100% used [0x00000000d5580000,0x00000000d6300000,0x00000000d6300000)
  from space 512K, 25% used [0x00000000d6380000,0x00000000d63a0000,0x00000000d6400000)
  to   space 512K, 0% used [0x00000000d6400000,0x00000000d6400000,0x00000000d6480000)
 ParOldGen       total 68608K, used 47957K [0x0000000080000000, 0x0000000084300000, 0x00000000d5580000)
  object space 68608K, 69% used [0x0000000080000000,0x0000000082ed5440,0x0000000084300000)
 Metaspace       used 66420K, committed 67904K, reserved 1114112K
  class space    used 8403K, committed 9024K, reserved 1048576K
}
Event: 116.058 GC heap after
{Heap after GC invocations=123 (full 3):
 PSYoungGen      total 14336K, used 160K [0x00000000d5580000, 0x00000000d6480000, 0x0000000100000000)
  eden space 13824K, 0% used [0x00000000d5580000,0x00000000d5580000,0x00000000d6300000)
  from space 512K, 31% used [0x00000000d6400000,0x00000000d6428000,0x00000000d6480000)
  to   space 512K, 0% used [0x00000000d6380000,0x00000000d6380000,0x00000000d6400000)
 ParOldGen       total 68608K, used 47957K [0x0000000080000000, 0x0000000084300000, 0x00000000d5580000)
  object space 68608K, 69% used [0x0000000080000000,0x0000000082ed5440,0x0000000084300000)
 Metaspace       used 66420K, committed 67904K, reserved 1114112K
  class space    used 8403K, committed 9024K, reserved 1048576K
}
Event: 116.127 GC heap before
{Heap before GC invocations=124 (full 3):
 PSYoungGen      total 14336K, used 13984K [0x00000000d5580000, 0x00000000d6480000, 0x0000000100000000)
  eden space 13824K, 100% used [0x00000000d5580000,0x00000000d6300000,0x00000000d6300000)
  from space 512K, 31% used [0x00000000d6400000,0x00000000d6428000,0x00000000d6480000)
  to   space 512K, 0% used [0x00000000d6380000,0x00000000d6380000,0x00000000d6400000)
 ParOldGen       total 68608K, used 47957K [0x0000000080000000, 0x0000000084300000, 0x00000000d5580000)
  object space 68608K, 69% used [0x0000000080000000,0x0000000082ed5440,0x0000000084300000)
 Metaspace       used 66420K, committed 67904K, reserved 1114112K
  class space    used 8403K, committed 9024K, reserved 1048576K
}
Event: 116.127 GC heap after
{Heap after GC invocations=124 (full 3):
 PSYoungGen      total 14336K, used 64K [0x00000000d5580000, 0x00000000d6480000, 0x0000000100000000)
  eden space 13824K, 0% used [0x00000000d5580000,0x00000000d5580000,0x00000000d6300000)
  from space 512K, 12% used [0x00000000d6380000,0x00000000d6390000,0x00000000d6400000)
  to   space 512K, 0% used [0x00000000d6400000,0x00000000d6400000,0x00000000d6480000)
 ParOldGen       total 68608K, used 47957K [0x0000000080000000, 0x0000000084300000, 0x00000000d5580000)
  object space 68608K, 69% used [0x0000000080000000,0x0000000082ed5440,0x0000000084300000)
 Metaspace       used 66420K, committed 67904K, reserved 1114112K
  class space    used 8403K, committed 9024K, reserved 1048576K
}
Event: 116.202 GC heap before
{Heap before GC invocations=125 (full 3):
 PSYoungGen      total 14336K, used 13888K [0x00000000d5580000, 0x00000000d6480000, 0x0000000100000000)
  eden space 13824K, 100% used [0x00000000d5580000,0x00000000d6300000,0x00000000d6300000)
  from space 512K, 12% used [0x00000000d6380000,0x00000000d6390000,0x00000000d6400000)
  to   space 512K, 0% used [0x00000000d6400000,0x00000000d6400000,0x00000000d6480000)
 ParOldGen       total 68608K, used 47957K [0x0000000080000000, 0x0000000084300000, 0x00000000d5580000)
  object space 68608K, 69% used [0x0000000080000000,0x0000000082ed5440,0x0000000084300000)
 Metaspace       used 66420K, committed 67904K, reserved 1114112K
  class space    used 8403K, committed 9024K, reserved 1048576K
}
Event: 116.203 GC heap after
{Heap after GC invocations=125 (full 3):
 PSYoungGen      total 14336K, used 128K [0x00000000d5580000, 0x00000000d6480000, 0x0000000100000000)
  eden space 13824K, 0% used [0x00000000d5580000,0x00000000d5580000,0x00000000d6300000)
  from space 512K, 25% used [0x00000000d6400000,0x00000000d6420000,0x00000000d6480000)
  to   space 512K, 0% used [0x00000000d6380000,0x00000000d6380000,0x00000000d6400000)
 ParOldGen       total 68608K, used 47973K [0x0000000080000000, 0x0000000084300000, 0x00000000d5580000)
  object space 68608K, 69% used [0x0000000080000000,0x0000000082ed9440,0x0000000084300000)
 Metaspace       used 66420K, committed 67904K, reserved 1114112K
  class space    used 8403K, committed 9024K, reserved 1048576K
}
Event: 116.331 GC heap before
{Heap before GC invocations=126 (full 3):
 PSYoungGen      total 14336K, used 13952K [0x00000000d5580000, 0x00000000d6480000, 0x0000000100000000)
  eden space 13824K, 100% used [0x00000000d5580000,0x00000000d6300000,0x00000000d6300000)
  from space 512K, 25% used [0x00000000d6400000,0x00000000d6420000,0x00000000d6480000)
  to   space 512K, 0% used [0x00000000d6380000,0x00000000d6380000,0x00000000d6400000)
 ParOldGen       total 68608K, used 47973K [0x0000000080000000, 0x0000000084300000, 0x00000000d5580000)
  object space 68608K, 69% used [0x0000000080000000,0x0000000082ed9440,0x0000000084300000)
 Metaspace       used 66420K, committed 67904K, reserved 1114112K
  class space    used 8403K, committed 9024K, reserved 1048576K
}
Event: 116.332 GC heap after
{Heap after GC invocations=126 (full 3):
 PSYoungGen      total 14336K, used 160K [0x00000000d5580000, 0x00000000d6480000, 0x0000000100000000)
  eden space 13824K, 0% used [0x00000000d5580000,0x00000000d5580000,0x00000000d6300000)
  from space 512K, 31% used [0x00000000d6380000,0x00000000d63a8000,0x00000000d6400000)
  to   space 512K, 0% used [0x00000000d6400000,0x00000000d6400000,0x00000000d6480000)
 ParOldGen       total 68608K, used 47973K [0x0000000080000000, 0x0000000084300000, 0x00000000d5580000)
  object space 68608K, 69% used [0x0000000080000000,0x0000000082ed9440,0x0000000084300000)
 Metaspace       used 66420K, committed 67904K, reserved 1114112K
  class space    used 8403K, committed 9024K, reserved 1048576K
}

